<?xml version="1.0" encoding="UTF-8"?>
<testsuite xmlns:xsi="http://www.w3.org/2001/XMLSchema-instance" xsi:noNamespaceSchemaLocation="https://maven.apache.org/surefire/maven-surefire-plugin/xsd/surefire-test-report-3.0.xsd" version="3.0" name="com.hrms.runners.SmokeRunner" time="1.511" tests="16" errors="0" skipped="16" failures="0">
  <properties>
    <property name="gopherProxySet" value="false"/>
    <property name="awt.toolkit" value="sun.lwawt.macosx.LWCToolkit"/>
    <property name="file.encoding.pkg" value="sun.io"/>
    <property name="java.specification.version" value="1.8"/>
    <property name="sun.cpu.isalist" value=""/>
    <property name="sun.jnu.encoding" value="UTF-8"/>
    <property name="java.class.path" value="/Users/griseydaperla/eclipse-workspace/Hrms/target/test-classes:/Users/griseydaperla/eclipse-workspace/Hrms/target/classes:/Users/griseydaperla/.m2/repository/org/seleniumhq/selenium/selenium-java/3.141.59/selenium-java-3.141.59.jar:/Users/griseydaperla/.m2/repository/org/seleniumhq/selenium/selenium-api/3.141.59/selenium-api-3.141.59.jar:/Users/griseydaperla/.m2/repository/org/seleniumhq/selenium/selenium-chrome-driver/3.141.59/selenium-chrome-driver-3.141.59.jar:/Users/griseydaperla/.m2/repository/org/seleniumhq/selenium/selenium-edge-driver/3.141.59/selenium-edge-driver-3.141.59.jar:/Users/griseydaperla/.m2/repository/org/seleniumhq/selenium/selenium-firefox-driver/3.141.59/selenium-firefox-driver-3.141.59.jar:/Users/griseydaperla/.m2/repository/org/seleniumhq/selenium/selenium-ie-driver/3.141.59/selenium-ie-driver-3.141.59.jar:/Users/griseydaperla/.m2/repository/org/seleniumhq/selenium/selenium-opera-driver/3.141.59/selenium-opera-driver-3.141.59.jar:/Users/griseydaperla/.m2/repository/org/seleniumhq/selenium/selenium-remote-driver/3.141.59/selenium-remote-driver-3.141.59.jar:/Users/griseydaperla/.m2/repository/org/seleniumhq/selenium/selenium-safari-driver/3.141.59/selenium-safari-driver-3.141.59.jar:/Users/griseydaperla/.m2/repository/org/seleniumhq/selenium/selenium-support/3.141.59/selenium-support-3.141.59.jar:/Users/griseydaperla/.m2/repository/net/bytebuddy/byte-buddy/1.8.15/byte-buddy-1.8.15.jar:/Users/griseydaperla/.m2/repository/org/apache/commons/commons-exec/1.3/commons-exec-1.3.jar:/Users/griseydaperla/.m2/repository/com/google/guava/guava/25.0-jre/guava-25.0-jre.jar:/Users/griseydaperla/.m2/repository/com/google/code/findbugs/jsr305/1.3.9/jsr305-1.3.9.jar:/Users/griseydaperla/.m2/repository/org/checkerframework/checker-compat-qual/2.0.0/checker-compat-qual-2.0.0.jar:/Users/griseydaperla/.m2/repository/com/google/errorprone/error_prone_annotations/2.1.3/error_prone_annotations-2.1.3.jar:/Users/griseydaperla/.m2/repository/com/google/j2objc/j2objc-annotations/1.1/j2objc-annotations-1.1.jar:/Users/griseydaperla/.m2/repository/org/codehaus/mojo/animal-sniffer-annotations/1.14/animal-sniffer-annotations-1.14.jar:/Users/griseydaperla/.m2/repository/com/squareup/okhttp3/okhttp/3.11.0/okhttp-3.11.0.jar:/Users/griseydaperla/.m2/repository/com/squareup/okio/okio/1.14.0/okio-1.14.0.jar:/Users/griseydaperla/.m2/repository/org/apache/poi/poi-ooxml/4.1.2/poi-ooxml-4.1.2.jar:/Users/griseydaperla/.m2/repository/org/apache/poi/poi/4.1.2/poi-4.1.2.jar:/Users/griseydaperla/.m2/repository/commons-codec/commons-codec/1.13/commons-codec-1.13.jar:/Users/griseydaperla/.m2/repository/org/apache/commons/commons-collections4/4.4/commons-collections4-4.4.jar:/Users/griseydaperla/.m2/repository/org/apache/commons/commons-math3/3.6.1/commons-math3-3.6.1.jar:/Users/griseydaperla/.m2/repository/com/zaxxer/SparseBitSet/1.2/SparseBitSet-1.2.jar:/Users/griseydaperla/.m2/repository/org/apache/poi/poi-ooxml-schemas/4.1.2/poi-ooxml-schemas-4.1.2.jar:/Users/griseydaperla/.m2/repository/org/apache/xmlbeans/xmlbeans/3.1.0/xmlbeans-3.1.0.jar:/Users/griseydaperla/.m2/repository/org/apache/commons/commons-compress/1.19/commons-compress-1.19.jar:/Users/griseydaperla/.m2/repository/com/github/virtuald/curvesapi/1.06/curvesapi-1.06.jar:/Users/griseydaperla/.m2/repository/commons-io/commons-io/2.6/commons-io-2.6.jar:/Users/griseydaperla/.m2/repository/io/cucumber/cucumber-junit/5.7.0/cucumber-junit-5.7.0.jar:/Users/griseydaperla/.m2/repository/org/apiguardian/apiguardian-api/1.1.0/apiguardian-api-1.1.0.jar:/Users/griseydaperla/.m2/repository/io/cucumber/cucumber-core/5.7.0/cucumber-core-5.7.0.jar:/Users/griseydaperla/.m2/repository/io/cucumber/cucumber-gherkin/5.7.0/cucumber-gherkin-5.7.0.jar:/Users/griseydaperla/.m2/repository/io/cucumber/cucumber-gherkin-vintage/5.7.0/cucumber-gherkin-vintage-5.7.0.jar:/Users/griseydaperla/.m2/repository/io/cucumber/tag-expressions/2.0.4/tag-expressions-2.0.4.jar:/Users/griseydaperla/.m2/repository/io/cucumber/cucumber-expressions/8.3.1/cucumber-expressions-8.3.1.jar:/Users/griseydaperla/.m2/repository/io/cucumber/datatable/3.3.1/datatable-3.3.1.jar:/Users/griseydaperla/.m2/repository/io/cucumber/cucumber-plugin/5.7.0/cucumber-plugin-5.7.0.jar:/Users/griseydaperla/.m2/repository/io/cucumber/docstring/5.7.0/docstring-5.7.0.jar:/Users/griseydaperla/.m2/repository/junit/junit/4.13/junit-4.13.jar:/Users/griseydaperla/.m2/repository/org/hamcrest/hamcrest-core/1.3/hamcrest-core-1.3.jar:/Users/griseydaperla/.m2/repository/io/cucumber/cucumber-java/5.7.0/cucumber-java-5.7.0.jar:/Users/griseydaperla/.m2/repository/io/github/bonigarcia/webdrivermanager/3.8.1/webdrivermanager-3.8.1.jar:/Users/griseydaperla/.m2/repository/org/slf4j/slf4j-api/1.7.25/slf4j-api-1.7.25.jar:/Users/griseydaperla/.m2/repository/com/google/code/gson/gson/2.8.5/gson-2.8.5.jar:/Users/griseydaperla/.m2/repository/org/apache/commons/commons-lang3/3.8.1/commons-lang3-3.8.1.jar:/Users/griseydaperla/.m2/repository/org/apache/httpcomponents/httpclient/4.5.6/httpclient-4.5.6.jar:/Users/griseydaperla/.m2/repository/org/apache/httpcomponents/httpcore/4.4.10/httpcore-4.4.10.jar:/Users/griseydaperla/.m2/repository/commons-logging/commons-logging/1.2/commons-logging-1.2.jar:/Users/griseydaperla/.m2/repository/org/rauschig/jarchivelib/1.0.0/jarchivelib-1.0.0.jar:/Users/griseydaperla/.m2/repository/org/jsoup/jsoup/1.11.3/jsoup-1.11.3.jar:"/>
    <property name="java.vm.vendor" value="Oracle Corporation"/>
    <property name="sun.arch.data.model" value="64"/>
    <property name="java.vendor.url" value="http://java.oracle.com/"/>
    <property name="user.timezone" value=""/>
    <property name="java.vm.specification.version" value="1.8"/>
    <property name="os.name" value="Mac OS X"/>
    <property name="user.country" value="US"/>
    <property name="sun.java.launcher" value="SUN_STANDARD"/>
    <property name="sun.boot.library.path" value="/Library/Java/JavaVirtualMachines/jdk1.8.0_241.jdk/Contents/Home/jre/lib"/>
    <property name="sun.java.command" value="/Users/griseydaperla/eclipse-workspace/Hrms/target/surefire/surefirebooter5750874516567883260.jar /Users/griseydaperla/eclipse-workspace/Hrms/target/surefire 2020-06-13T11-34-27_463-jvmRun1 surefire3249870150165808061tmp surefire_04576430243126864391tmp"/>
    <property name="http.nonProxyHosts" value="local|*.local|169.254/16|*.169.254/16"/>
    <property name="surefire.test.class.path" value="/Users/griseydaperla/eclipse-workspace/Hrms/target/test-classes:/Users/griseydaperla/eclipse-workspace/Hrms/target/classes:/Users/griseydaperla/.m2/repository/org/seleniumhq/selenium/selenium-java/3.141.59/selenium-java-3.141.59.jar:/Users/griseydaperla/.m2/repository/org/seleniumhq/selenium/selenium-api/3.141.59/selenium-api-3.141.59.jar:/Users/griseydaperla/.m2/repository/org/seleniumhq/selenium/selenium-chrome-driver/3.141.59/selenium-chrome-driver-3.141.59.jar:/Users/griseydaperla/.m2/repository/org/seleniumhq/selenium/selenium-edge-driver/3.141.59/selenium-edge-driver-3.141.59.jar:/Users/griseydaperla/.m2/repository/org/seleniumhq/selenium/selenium-firefox-driver/3.141.59/selenium-firefox-driver-3.141.59.jar:/Users/griseydaperla/.m2/repository/org/seleniumhq/selenium/selenium-ie-driver/3.141.59/selenium-ie-driver-3.141.59.jar:/Users/griseydaperla/.m2/repository/org/seleniumhq/selenium/selenium-opera-driver/3.141.59/selenium-opera-driver-3.141.59.jar:/Users/griseydaperla/.m2/repository/org/seleniumhq/selenium/selenium-remote-driver/3.141.59/selenium-remote-driver-3.141.59.jar:/Users/griseydaperla/.m2/repository/org/seleniumhq/selenium/selenium-safari-driver/3.141.59/selenium-safari-driver-3.141.59.jar:/Users/griseydaperla/.m2/repository/org/seleniumhq/selenium/selenium-support/3.141.59/selenium-support-3.141.59.jar:/Users/griseydaperla/.m2/repository/net/bytebuddy/byte-buddy/1.8.15/byte-buddy-1.8.15.jar:/Users/griseydaperla/.m2/repository/org/apache/commons/commons-exec/1.3/commons-exec-1.3.jar:/Users/griseydaperla/.m2/repository/com/google/guava/guava/25.0-jre/guava-25.0-jre.jar:/Users/griseydaperla/.m2/repository/com/google/code/findbugs/jsr305/1.3.9/jsr305-1.3.9.jar:/Users/griseydaperla/.m2/repository/org/checkerframework/checker-compat-qual/2.0.0/checker-compat-qual-2.0.0.jar:/Users/griseydaperla/.m2/repository/com/google/errorprone/error_prone_annotations/2.1.3/error_prone_annotations-2.1.3.jar:/Users/griseydaperla/.m2/repository/com/google/j2objc/j2objc-annotations/1.1/j2objc-annotations-1.1.jar:/Users/griseydaperla/.m2/repository/org/codehaus/mojo/animal-sniffer-annotations/1.14/animal-sniffer-annotations-1.14.jar:/Users/griseydaperla/.m2/repository/com/squareup/okhttp3/okhttp/3.11.0/okhttp-3.11.0.jar:/Users/griseydaperla/.m2/repository/com/squareup/okio/okio/1.14.0/okio-1.14.0.jar:/Users/griseydaperla/.m2/repository/org/apache/poi/poi-ooxml/4.1.2/poi-ooxml-4.1.2.jar:/Users/griseydaperla/.m2/repository/org/apache/poi/poi/4.1.2/poi-4.1.2.jar:/Users/griseydaperla/.m2/repository/commons-codec/commons-codec/1.13/commons-codec-1.13.jar:/Users/griseydaperla/.m2/repository/org/apache/commons/commons-collections4/4.4/commons-collections4-4.4.jar:/Users/griseydaperla/.m2/repository/org/apache/commons/commons-math3/3.6.1/commons-math3-3.6.1.jar:/Users/griseydaperla/.m2/repository/com/zaxxer/SparseBitSet/1.2/SparseBitSet-1.2.jar:/Users/griseydaperla/.m2/repository/org/apache/poi/poi-ooxml-schemas/4.1.2/poi-ooxml-schemas-4.1.2.jar:/Users/griseydaperla/.m2/repository/org/apache/xmlbeans/xmlbeans/3.1.0/xmlbeans-3.1.0.jar:/Users/griseydaperla/.m2/repository/org/apache/commons/commons-compress/1.19/commons-compress-1.19.jar:/Users/griseydaperla/.m2/repository/com/github/virtuald/curvesapi/1.06/curvesapi-1.06.jar:/Users/griseydaperla/.m2/repository/commons-io/commons-io/2.6/commons-io-2.6.jar:/Users/griseydaperla/.m2/repository/io/cucumber/cucumber-junit/5.7.0/cucumber-junit-5.7.0.jar:/Users/griseydaperla/.m2/repository/org/apiguardian/apiguardian-api/1.1.0/apiguardian-api-1.1.0.jar:/Users/griseydaperla/.m2/repository/io/cucumber/cucumber-core/5.7.0/cucumber-core-5.7.0.jar:/Users/griseydaperla/.m2/repository/io/cucumber/cucumber-gherkin/5.7.0/cucumber-gherkin-5.7.0.jar:/Users/griseydaperla/.m2/repository/io/cucumber/cucumber-gherkin-vintage/5.7.0/cucumber-gherkin-vintage-5.7.0.jar:/Users/griseydaperla/.m2/repository/io/cucumber/tag-expressions/2.0.4/tag-expressions-2.0.4.jar:/Users/griseydaperla/.m2/repository/io/cucumber/cucumber-expressions/8.3.1/cucumber-expressions-8.3.1.jar:/Users/griseydaperla/.m2/repository/io/cucumber/datatable/3.3.1/datatable-3.3.1.jar:/Users/griseydaperla/.m2/repository/io/cucumber/cucumber-plugin/5.7.0/cucumber-plugin-5.7.0.jar:/Users/griseydaperla/.m2/repository/io/cucumber/docstring/5.7.0/docstring-5.7.0.jar:/Users/griseydaperla/.m2/repository/junit/junit/4.13/junit-4.13.jar:/Users/griseydaperla/.m2/repository/org/hamcrest/hamcrest-core/1.3/hamcrest-core-1.3.jar:/Users/griseydaperla/.m2/repository/io/cucumber/cucumber-java/5.7.0/cucumber-java-5.7.0.jar:/Users/griseydaperla/.m2/repository/io/github/bonigarcia/webdrivermanager/3.8.1/webdrivermanager-3.8.1.jar:/Users/griseydaperla/.m2/repository/org/slf4j/slf4j-api/1.7.25/slf4j-api-1.7.25.jar:/Users/griseydaperla/.m2/repository/com/google/code/gson/gson/2.8.5/gson-2.8.5.jar:/Users/griseydaperla/.m2/repository/org/apache/commons/commons-lang3/3.8.1/commons-lang3-3.8.1.jar:/Users/griseydaperla/.m2/repository/org/apache/httpcomponents/httpclient/4.5.6/httpclient-4.5.6.jar:/Users/griseydaperla/.m2/repository/org/apache/httpcomponents/httpcore/4.4.10/httpcore-4.4.10.jar:/Users/griseydaperla/.m2/repository/commons-logging/commons-logging/1.2/commons-logging-1.2.jar:/Users/griseydaperla/.m2/repository/org/rauschig/jarchivelib/1.0.0/jarchivelib-1.0.0.jar:/Users/griseydaperla/.m2/repository/org/jsoup/jsoup/1.11.3/jsoup-1.11.3.jar:"/>
    <property name="sun.cpu.endian" value="little"/>
    <property name="user.home" value="/Users/griseydaperla"/>
    <property name="user.language" value="en"/>
    <property name="java.specification.vendor" value="Oracle Corporation"/>
    <property name="java.home" value="/Library/Java/JavaVirtualMachines/jdk1.8.0_241.jdk/Contents/Home/jre"/>
    <property name="basedir" value="/Users/griseydaperla/eclipse-workspace/Hrms"/>
    <property name="file.separator" value="/"/>
    <property name="line.separator" value="&#10;"/>
    <property name="java.vm.specification.vendor" value="Oracle Corporation"/>
    <property name="java.specification.name" value="Java Platform API Specification"/>
    <property name="java.awt.graphicsenv" value="sun.awt.CGraphicsEnvironment"/>
    <property name="surefire.real.class.path" value="/Users/griseydaperla/eclipse-workspace/Hrms/target/surefire/surefirebooter5750874516567883260.jar"/>
    <property name="sun.boot.class.path" value="/Library/Java/JavaVirtualMachines/jdk1.8.0_241.jdk/Contents/Home/jre/lib/resources.jar:/Library/Java/JavaVirtualMachines/jdk1.8.0_241.jdk/Contents/Home/jre/lib/rt.jar:/Library/Java/JavaVirtualMachines/jdk1.8.0_241.jdk/Contents/Home/jre/lib/sunrsasign.jar:/Library/Java/JavaVirtualMachines/jdk1.8.0_241.jdk/Contents/Home/jre/lib/jsse.jar:/Library/Java/JavaVirtualMachines/jdk1.8.0_241.jdk/Contents/Home/jre/lib/jce.jar:/Library/Java/JavaVirtualMachines/jdk1.8.0_241.jdk/Contents/Home/jre/lib/charsets.jar:/Library/Java/JavaVirtualMachines/jdk1.8.0_241.jdk/Contents/Home/jre/lib/jfr.jar:/Library/Java/JavaVirtualMachines/jdk1.8.0_241.jdk/Contents/Home/jre/classes"/>
    <property name="sun.management.compiler" value="HotSpot 64-Bit Tiered Compilers"/>
    <property name="ftp.nonProxyHosts" value="local|*.local|169.254/16|*.169.254/16"/>
    <property name="java.runtime.version" value="1.8.0_241-b07"/>
    <property name="user.name" value="griseydaperla"/>
    <property name="path.separator" value=":"/>
    <property name="os.version" value="10.15.4"/>
    <property name="java.endorsed.dirs" value="/Library/Java/JavaVirtualMachines/jdk1.8.0_241.jdk/Contents/Home/jre/lib/endorsed"/>
    <property name="java.runtime.name" value="Java(TM) SE Runtime Environment"/>
    <property name="file.encoding" value="UTF-8"/>
    <property name="java.vm.name" value="Java HotSpot(TM) 64-Bit Server VM"/>
    <property name="localRepository" value="/Users/griseydaperla/.m2/repository"/>
    <property name="java.vendor.url.bug" value="http://bugreport.sun.com/bugreport/"/>
    <property name="java.io.tmpdir" value="/var/folders/94/zj_cz_s14gxd8g500l2yz58h0000gn/T/"/>
    <property name="java.version" value="1.8.0_241"/>
    <property name="user.dir" value="/Users/griseydaperla/eclipse-workspace/Hrms"/>
    <property name="os.arch" value="x86_64"/>
    <property name="java.vm.specification.name" value="Java Virtual Machine Specification"/>
    <property name="java.awt.printerjob" value="sun.lwawt.macosx.CPrinterJob"/>
    <property name="sun.os.patch.level" value="unknown"/>
    <property name="java.library.path" value="/Users/griseydaperla/Library/Java/Extensions:/Library/Java/Extensions:/Network/Library/Java/Extensions:/System/Library/Java/Extensions:/usr/lib/java:."/>
    <property name="java.vm.info" value="mixed mode"/>
    <property name="java.vendor" value="Oracle Corporation"/>
    <property name="java.vm.version" value="25.241-b07"/>
    <property name="java.ext.dirs" value="/Users/griseydaperla/Library/Java/Extensions:/Library/Java/JavaVirtualMachines/jdk1.8.0_241.jdk/Contents/Home/jre/lib/ext:/Library/Java/Extensions:/Network/Library/Java/Extensions:/System/Library/Java/Extensions:/usr/lib/java"/>
    <property name="sun.io.unicode.encoding" value="UnicodeBig"/>
    <property name="java.class.version" value="52.0"/>
    <property name="socksNonProxyHosts" value="local|*.local|169.254/16|*.169.254/16"/>
  </properties>
  <testcase name="Add Employee with first and lastname" classname="Add new Employee" time="0">
    <skipped message="This scenario is skipped"/>
    <system-out><![CDATA[
@smoke
Scenario: Add Employee with first and lastname      # src/test/resources/features/AddEmployee.feature:7
  Given user is logged with valid admin credentials # com.hrms.steps.LoginSteps.user_is_logged_with_valid_admin_credentials()
  And user navigates to AddEmployeePage             # com.hrms.steps.AddEmployeeSteps.user_navigates_to_AddEmployeePage()
  When user enters employees "John" and "Smith"     # com.hrms.steps.AddEmployeeSteps.user_enters_employees_first_name_and_last_name(java.lang.String,java.lang.String)
  And user clicks save button                       # com.hrms.steps.AddEmployeeSteps.user_clicks_save_button()
  Then "John Smith" is added successfully           # com.hrms.steps.AddEmployeeSteps.employee_is_added_successfully(java.lang.String)
]]></system-out>
    <system-err><![CDATA[Jun 13, 2020 11:34:28 AM io.cucumber.junit.Cucumber <init>
WARNING: By default Cucumber is running in --non-strict mode.
This default will change to --strict and --non-strict will be removed.
You can use --strict or @CucumberOptions(strict = true) to suppress this warning
]]></system-err>
  </testcase>
  <testcase name="Add Employee without employee id" classname="Add new Employee" time="0">
    <skipped message="This scenario is skipped"/>
    <system-out><![CDATA[
@smoke
Scenario: Add Employee without employee id            # src/test/resources/features/AddEmployee.feature:13
  Given user is logged with valid admin credentials   # com.hrms.steps.LoginSteps.user_is_logged_with_valid_admin_credentials()
  And user navigates to AddEmployeePage               # com.hrms.steps.AddEmployeeSteps.user_navigates_to_AddEmployeePage()
  When user enters employees first name and last name # com.hrms.steps.AddEmployeeSteps.user_enters_employees_first_name_and_last_name()
  And user deletes employee id                        # com.hrms.steps.AddEmployeeSteps.user_deletes_employee_id()
  And user clicks save button                         # com.hrms.steps.AddEmployeeSteps.user_clicks_save_button()
  Then employee is added successfully                 # com.hrms.steps.AddEmployeeSteps.employee_is_added_successfully()
]]></system-out>
  </testcase>
  <testcase name="AddEmployee and create Login Credentials" classname="Add new Employee" time="0">
    <skipped message="This scenario is skipped"/>
    <system-out><![CDATA[
@smoke
Scenario: AddEmployee and create Login Credentials    # src/test/resources/features/AddEmployee.feature:20
  Given user is logged with valid admin credentials   # com.hrms.steps.LoginSteps.user_is_logged_with_valid_admin_credentials()
  And user navigates to AddEmployeePage               # com.hrms.steps.AddEmployeeSteps.user_navigates_to_AddEmployeePage()
  When user enters employees first name and last name # com.hrms.steps.AddEmployeeSteps.user_enters_employees_first_name_and_last_name()
  And user clicks on create login checkbox            # com.hrms.steps.AddEmployeeSteps.user_clicks_on_create_login_checkbox()
  And user enters login credentials                   # com.hrms.steps.AddEmployeeSteps.user_enters_login_credentials()
  And user clicks save button                         # com.hrms.steps.AddEmployeeSteps.user_clicks_save_button()
  Then employee is added successfully                 # com.hrms.steps.AddEmployeeSteps.employee_is_added_successfully()
]]></system-out>
  </testcase>
  <testcase name="Adding multiple employees" classname="Add new Employee" time="0">
    <skipped message="This scenario is skipped"/>
    <system-out><![CDATA[
@smoke
Scenario Outline: Adding multiple employees           # src/test/resources/features/AddEmployee.feature:35
  Given user is logged with valid admin credentials   # com.hrms.steps.LoginSteps.user_is_logged_with_valid_admin_credentials()
  And user navigates to AddEmployeePage               # com.hrms.steps.AddEmployeeSteps.user_navigates_to_AddEmployeePage()
  When user enter employees "James", "J" and "Smith"  # com.hrms.steps.AddEmployeeSteps.enteringEmployee(java.lang.String,java.lang.String,java.lang.String)
  And user clicks save button                         # com.hrms.steps.AddEmployeeSteps.user_clicks_save_button()
  Then "James", "J" and "Smith" is added successfully # com.hrms.steps.AddEmployeeSteps.and_is_added_successfully(java.lang.String,java.lang.String,java.lang.String)
]]></system-out>
  </testcase>
  <testcase name="Adding multiple employees" classname="Add new Employee" time="0">
    <skipped message="This scenario is skipped"/>
    <system-out><![CDATA[
@smoke
Scenario Outline: Adding multiple employees            # src/test/resources/features/AddEmployee.feature:36
  Given user is logged with valid admin credentials    # com.hrms.steps.LoginSteps.user_is_logged_with_valid_admin_credentials()
  And user navigates to AddEmployeePage                # com.hrms.steps.AddEmployeeSteps.user_navigates_to_AddEmployeePage()
  When user enter employees "Faisal", "F" and "Sakhi"  # com.hrms.steps.AddEmployeeSteps.enteringEmployee(java.lang.String,java.lang.String,java.lang.String)
  And user clicks save button                          # com.hrms.steps.AddEmployeeSteps.user_clicks_save_button()
  Then "Faisal", "F" and "Sakhi" is added successfully # com.hrms.steps.AddEmployeeSteps.and_is_added_successfully(java.lang.String,java.lang.String,java.lang.String)
]]></system-out>
  </testcase>
  <testcase name="Adding multiple employees" classname="Add new Employee" time="0">
    <skipped message="This scenario is skipped"/>
    <system-out><![CDATA[
@smoke
Scenario Outline: Adding multiple employees               # src/test/resources/features/AddEmployee.feature:37
  Given user is logged with valid admin credentials       # com.hrms.steps.LoginSteps.user_is_logged_with_valid_admin_credentials()
  And user navigates to AddEmployeePage                   # com.hrms.steps.AddEmployeeSteps.user_navigates_to_AddEmployeePage()
  When user enter employees "Sohil", "S" and "Instuctor"  # com.hrms.steps.AddEmployeeSteps.enteringEmployee(java.lang.String,java.lang.String,java.lang.String)
  And user clicks save button                             # com.hrms.steps.AddEmployeeSteps.user_clicks_save_button()
  Then "Sohil", "S" and "Instuctor" is added successfully # com.hrms.steps.AddEmployeeSteps.and_is_added_successfully(java.lang.String,java.lang.String,java.lang.String)
]]></system-out>
  </testcase>
  <testcase name="Adding multiple employees" classname="Add new Employee" time="0">
    <skipped message="This scenario is skipped"/>
    <system-out><![CDATA[
@smoke
Scenario Outline: Adding multiple employees              # src/test/resources/features/AddEmployee.feature:38
  Given user is logged with valid admin credentials      # com.hrms.steps.LoginSteps.user_is_logged_with_valid_admin_credentials()
  And user navigates to AddEmployeePage                  # com.hrms.steps.AddEmployeeSteps.user_navigates_to_AddEmployeePage()
  When user enter employees "Yunus", "Emre" and "Yakut"  # com.hrms.steps.AddEmployeeSteps.enteringEmployee(java.lang.String,java.lang.String,java.lang.String)
  And user clicks save button                            # com.hrms.steps.AddEmployeeSteps.user_clicks_save_button()
  Then "Yunus", "Emre" and "Yakut" is added successfully # com.hrms.steps.AddEmployeeSteps.and_is_added_successfully(java.lang.String,java.lang.String,java.lang.String)
]]></system-out>
  </testcase>
  <testcase name="Adding multiple employees" classname="Add new Employee" time="0">
    <skipped message="This scenario is skipped"/>
    <system-out><![CDATA[
@smoke
Scenario: Adding multiple employees                                          # src/test/resources/features/AddEmployee.feature:41
  Given user is logged with valid admin credentials                          # com.hrms.steps.LoginSteps.user_is_logged_with_valid_admin_credentials()
  And user navigates to AddEmployeePage                                      # com.hrms.steps.AddEmployeeSteps.user_navigates_to_AddEmployeePage()
  When user enters employee details and click on save then employee is added # com.hrms.steps.AddEmployeeSteps.user_enters_employee_details_and_click_on_save_then_employee_is_added(io.cucumber.datatable.DataTable)
]]></system-out>
  </testcase>
  <testcase name="Add multiple employee with excel file" classname="Add emp from excel" time="0">
    <skipped message="This scenario is skipped"/>
    <system-out><![CDATA[
@smoke
Scenario: Add multiple employee with excel file     # src/test/resources/features/AddempWithExcel.feature:3
  Given user is logged with valid admin credentials # com.hrms.steps.LoginSteps.user_is_logged_with_valid_admin_credentials()
  And user navigates to AddEmployeePage             # com.hrms.steps.AddEmployeeSteps.user_navigates_to_AddEmployeePage()
  Then I enter info from excel and save emp         # com.hrms.steps.AddEmpFromExcelSteps.i_enter_info_from_excel_and_save_emp()
]]></system-out>
  </testcase>
  <testcase name="Dashboard view for admid" classname="Dashboard" time="0">
    <skipped message="This scenario is skipped"/>
    <system-out><![CDATA[
@smoke
Scenario: Dashboard view for admid                  # src/test/resources/features/Dashboard.feature:4
  Given user is logged with valid admin credentials # com.hrms.steps.LoginSteps.user_is_logged_with_valid_admin_credentials()
  Then user see dashboard menu is displayed         # com.hrms.steps.DashboardSteps.user_see_dashboard_menu_is_displayed(io.cucumber.datatable.DataTable)
]]></system-out>
  </testcase>
  <testcase name="valid admin login" classname="Login" time="0">
    <skipped message="This scenario is skipped"/>
    <system-out><![CDATA[
@Login @Sprint1 @smoke
Scenario: valid admin login                         # src/test/resources/features/Login.feature:5
  When user enter valid admin username and password # com.hrms.steps.LoginSteps.user_enter_valid_admin_username_and_password()
  And user click on login button                    # com.hrms.steps.LoginSteps.user_click_on_login_button()
  Then admin user is successfully logged in         # com.hrms.steps.LoginSteps.admin_user_is_successfully_logged_in()
]]></system-out>
  </testcase>
  <testcase name="valid ess login" classname="Login" time="0">
    <skipped message="This scenario is skipped"/>
    <system-out><![CDATA[
@Login @Sprint1 @smoke
Scenario: valid ess login                         # src/test/resources/features/Login.feature:11
  When user enter valid ess username and password # com.hrms.steps.LoginSteps.user_enter_valid_ess_username_and_password()
  And user click on login button                  # com.hrms.steps.LoginSteps.user_click_on_login_button()
  Then ess user is successfully logged in         # com.hrms.steps.LoginSteps.ess_user_is_successfully_logged_in()
]]></system-out>
  </testcase>
  <testcase name="Login with valid username and invalid password" classname="Login" time="0">
    <skipped message="This scenario is skipped"/>
    <system-out><![CDATA[
@Login @Sprint1 @smoke
Scenario: Login with valid username and invalid password # src/test/resources/features/Login.feature:27
  When User enter valid username and invalid password    # com.hrms.steps.LoginSteps.user_enter_valid_username_and_invalid_password()
  And user click on login button                         # com.hrms.steps.LoginSteps.user_click_on_login_button()
  Then User see Invalid Credentials text on login page   # com.hrms.steps.LoginSteps.user_see_Invalid_Credentials_text_on_login_page()
]]></system-out>
  </testcase>
  <testcase name="Login with invalid credentials" classname="Login" time="0">
    <skipped message="This scenario is skipped"/>
    <system-out><![CDATA[
@Login @Sprint1 @smoke
Scenario: Login with invalid credentials                           # src/test/resources/features/Login.feature:33
  When I enter invalid username and password and see error message # com.hrms.steps.LoginSteps.i_enter_invalid_username_and_password_and_see_error_message(io.cucumber.datatable.DataTable)
]]></system-out>
  </testcase>
  <testcase name="Search employee by id" classname="Employee Search" time="0">
    <skipped message="This scenario is skipped"/>
    <system-out><![CDATA[
@smoke
Scenario: Search employee by id                     # src/test/resources/features/SearchEmployee.feature:7
  Given user is logged with valid admin credentials # com.hrms.steps.LoginSteps.user_is_logged_with_valid_admin_credentials()
  And user navigate to employee list page           # com.hrms.steps.EmployeeSearchSteps.user_navigate_to_employee_list_page()
  When user enters valid employee id                # com.hrms.steps.EmployeeSearchSteps.user_enters_valid_employee_id()
  And click on search button                        # com.hrms.steps.EmployeeSearchSteps.click_on_search_button()
  Then user see employee information is displayed   # com.hrms.steps.EmployeeSearchSteps.user_see_employee_information_is_displayed()
]]></system-out>
  </testcase>
  <testcase name="Search employee by name" classname="Employee Search" time="0">
    <skipped message="This scenario is skipped"/>
    <system-out><![CDATA[
@smoke
Scenario: Search employee by name                    # src/test/resources/features/SearchEmployee.feature:13
  Given user is logged with valid admin credentials  # com.hrms.steps.LoginSteps.user_is_logged_with_valid_admin_credentials()
  And user navigate to employee list page            # com.hrms.steps.EmployeeSearchSteps.user_navigate_to_employee_list_page()
  When user enters valid employee name and last name # com.hrms.steps.EmployeeSearchSteps.user_enters_valid_employee_name_and_last_name()
  And click on search button                         # com.hrms.steps.EmployeeSearchSteps.click_on_search_button()
  Then user see employee information is displayed    # com.hrms.steps.EmployeeSearchSteps.user_see_employee_information_is_displayed()
]]></system-out>
  </testcase>
</testsuite>